<?xml version="1.0" encoding="UTF-8"?>
<Site BuildName="(empty)"
	BuildStamp="20260615-1839-Experimental"
	Name="nockorn"
	Generator="ctest-3.28.3"
	CompilerName="/usr/bin/g++"
	CompilerVersion="13.3.0"
	OSName="Linux"
	Hostname="nockorn"
	OSRelease="6.17.0-35-generic"
	OSVersion="#35~24.04.1-Ubuntu SMP PREEMPT_DYNAMIC Tue May 26 19:30:42 UTC 2"
	OSPlatform="x86_64"
	Is64Bits="1"
	VendorString="AuthenticAMD"
	VendorID="Advanced Micro Devices"
	FamilyID="25"
	ModelID="33"
	ProcessorCacheSize="512"
	NumberOfLogicalCPU="12"
	NumberOfPhysicalCPU="6"
	TotalVirtualMemory="8191"
	TotalPhysicalMemory="32016"
	LogicalProcessorsPerPhysical="2"
	ProcessorClockFrequency="3712.98"
	>
	<Testing>
		<StartDateTime>Jun 15 22:12 MSK</StartDateTime>
		<StartTestTime>1781550755</StartTestTime>
		<TestList/>
		<EndDateTime>Jun 15 22:12 MSK</EndDateTime>
		<EndTestTime>1781550755</EndTestTime>
		<ElapsedMinutes>0</ElapsedMinutes>
	</Testing>
</Site>
